<?xml version="1.0" encoding="UTF-8"?>
<testng-results skipped="0" failed="1" ignored="1" total="2" passed="0">
  <reporter-output>
  </reporter-output>
  <suite name="Default Suite" duration-ms="6687" started-at="2022-12-13T17:19:32 GMT" finished-at="2022-12-13T17:19:38 GMT">
    <groups>
      <group name="regression">
        <method signature="LoginPageTest.verifyUserShouldNavigateToLoginPageSuccessfully()[pri:0, instance:ultimateqa.com.testsuite.LoginPageTest@704a52ec]" name="verifyUserShouldNavigateToLoginPageSuccessfully" class="ultimateqa.com.testsuite.LoginPageTest"/>
      </group> <!-- regression -->
      <group name="sanity">
        <method signature="LoginPageTest.verifyUserShouldNavigateToLoginPageSuccessfully()[pri:0, instance:ultimateqa.com.testsuite.LoginPageTest@704a52ec]" name="verifyUserShouldNavigateToLoginPageSuccessfully" class="ultimateqa.com.testsuite.LoginPageTest"/>
      </group> <!-- sanity -->
    </groups>
    <test name="ultimateqa_week_15" duration-ms="6687" started-at="2022-12-13T17:19:32 GMT" finished-at="2022-12-13T17:19:38 GMT">
      <class name="ultimateqa.com.testsuite.LoginPageTest">
        <test-method status="PASS" signature="setUp()[pri:0, instance:ultimateqa.com.testsuite.LoginPageTest@704a52ec]" name="setUp" is-config="true" duration-ms="5827" started-at="2022-12-13T17:19:32 GMT" finished-at="2022-12-13T17:19:38 GMT">
          <reporter-output>
          </reporter-output>
        </test-method> <!-- setUp -->
        <test-method status="PASS" signature="inIt()[pri:0, instance:ultimateqa.com.testsuite.LoginPageTest@704a52ec]" name="inIt" is-config="true" duration-ms="33" started-at="2022-12-13T17:19:38 GMT" finished-at="2022-12-13T17:19:38 GMT">
          <reporter-output>
          </reporter-output>
        </test-method> <!-- inIt -->
        <test-method status="FAIL" signature="verifyUserShouldNavigateToLoginPageSuccessfully()[pri:0, instance:ultimateqa.com.testsuite.LoginPageTest@704a52ec]" name="verifyUserShouldNavigateToLoginPageSuccessfully" duration-ms="1" started-at="2022-12-13T17:19:38 GMT" finished-at="2022-12-13T17:19:38 GMT">
          <exception class="java.lang.NullPointerException">
            <full-stacktrace>
              <![CDATA[java.lang.NullPointerException
at ultimateqa.com.testsuite.LoginPageTest.verifyUserShouldNavigateToLoginPageSuccessfully(LoginPageTest.java:19)
at sun.reflect.NativeMethodAccessorImpl.invoke0(Native Method)
at sun.reflect.NativeMethodAccessorImpl.invoke(NativeMethodAccessorImpl.java:62)
at sun.reflect.DelegatingMethodAccessorImpl.invoke(DelegatingMethodAccessorImpl.java:43)
at java.lang.reflect.Method.invoke(Method.java:498)
at org.testng.internal.invokers.MethodInvocationHelper.invokeMethod(MethodInvocationHelper.java:135)
at org.testng.internal.invokers.TestInvoker.invokeMethod(TestInvoker.java:673)
at org.testng.internal.invokers.TestInvoker.invokeTestMethod(TestInvoker.java:220)
at org.testng.internal.invokers.MethodRunner.runInSequence(MethodRunner.java:50)
at org.testng.internal.invokers.TestInvoker$MethodInvocationAgent.invoke(TestInvoker.java:945)
at org.testng.internal.invokers.TestInvoker.invokeTestMethods(TestInvoker.java:193)
at org.testng.internal.invokers.TestMethodWorker.invokeTestMethods(TestMethodWorker.java:146)
at org.testng.internal.invokers.TestMethodWorker.run(TestMethodWorker.java:128)
at java.util.ArrayList.forEach(ArrayList.java:1249)
at org.testng.TestRunner.privateRun(TestRunner.java:808)
at org.testng.TestRunner.run(TestRunner.java:603)
at org.testng.SuiteRunner.runTest(SuiteRunner.java:429)
at org.testng.SuiteRunner.runSequentially(SuiteRunner.java:423)
at org.testng.SuiteRunner.privateRun(SuiteRunner.java:383)
at org.testng.SuiteRunner.run(SuiteRunner.java:326)
at org.testng.SuiteRunnerWorker.runSuite(SuiteRunnerWorker.java:52)
at org.testng.SuiteRunnerWorker.run(SuiteRunnerWorker.java:95)
at org.testng.TestNG.runSuitesSequentially(TestNG.java:1249)
at org.testng.TestNG.runSuitesLocally(TestNG.java:1169)
at org.testng.TestNG.runSuites(TestNG.java:1092)
at org.testng.TestNG.run(TestNG.java:1060)
at com.intellij.rt.testng.IDEARemoteTestNG.run(IDEARemoteTestNG.java:66)
at com.intellij.rt.testng.RemoteTestNGStarter.main(RemoteTestNGStarter.java:109)
]]>
            </full-stacktrace>
          </exception> <!-- java.lang.NullPointerException -->
          <reporter-output>
          </reporter-output>
        </test-method> <!-- verifyUserShouldNavigateToLoginPageSuccessfully -->
        <test-method status="PASS" signature="tearDown()[pri:0, instance:ultimateqa.com.testsuite.LoginPageTest@704a52ec]" name="tearDown" is-config="true" duration-ms="758" started-at="2022-12-13T17:19:38 GMT" finished-at="2022-12-13T17:19:38 GMT">
          <reporter-output>
          </reporter-output>
        </test-method> <!-- tearDown -->
      </class> <!-- ultimateqa.com.testsuite.LoginPageTest -->
    </test> <!-- ultimateqa_week_15 -->
  </suite> <!-- Default Suite -->
</testng-results>
